<?xml version="1.0" encoding="UTF-8" ?>
<testsuites>
  <testsuite errors="1" failures="0" hostname="winterfe-877b7f" id="0" name="UserServiceSpec" package="comtrek" tests="1" time="2.438" timestamp="2013-02-13T21:28:25">
      <properties />

      <testcase classname="comtrek.UserServiceSpec" name="user create" time="2.422">
          <error message="could not execute query; SQL [select this_.id as id0_0_, this_.version as version0_0_, this_.birthDate as birthDate0_0_, this_.email as email0_0_, this_.firstName as firstName0_0_, this_.gender as gender0_0_, this_.lastName as lastName0_0_, this_.login as login0_0_, this_.password as password0_0_ from User this_ where this_.login=?]; nested exception is org.hibernate.exception.SQLGrammarException: could not execute query" type="org.springframework.dao.InvalidDataAccessResourceUsageException">org.springframework.dao.InvalidDataAccessResourceUsageException: could not execute query; SQL [select this_.id as id0_0_, this_.version as version0_0_, this_.birthDate as birthDate0_0_, this_.email as email0_0_, this_.firstName as firstName0_0_, this_.gender as gender0_0_, this_.lastName as lastName0_0_, this_.login as login0_0_, this_.password as password0_0_ from User this_ where this_.login=?]; nested exception is org.hibernate.exception.SQLGrammarException: could not execute query
	at comtrek.UserService.createUser(UserService.groovy:19)
	at comtrek.UserServiceSpec.user create(UserServiceSpec.groovy:19)
Caused by: org.hibernate.exception.SQLGrammarException: could not execute query
Caused by: org.h2.jdbc.JdbcSQLException: Table &quot;USER&quot; not found; SQL statement:
select this_.id as id0_0_, this_.version as version0_0_, this_.birthDate as birthDate0_0_, this_.email as email0_0_, this_.firstName as firstName0_0_, this_.gender as gender0_0_, this_.lastName as lastName0_0_, this_.login as login0_0_, this_.password as password0_0_ from User this_ where this_.login=? [42102-164]
	at org.h2.message.DbException.getJdbcSQLException(DbException.java:329)
	at org.h2.message.DbException.get(DbException.java:169)
	at org.h2.message.DbException.get(DbException.java:146)
	at org.h2.command.Parser.readTableOrView(Parser.java:4753)
	at org.h2.command.Parser.readTableFilter(Parser.java:1080)
	at org.h2.command.Parser.parseSelectSimpleFromPart(Parser.java:1686)
	at org.h2.command.Parser.parseSelectSimple(Parser.java:1793)
	at org.h2.command.Parser.parseSelectSub(Parser.java:1680)
	at org.h2.command.Parser.parseSelectUnion(Parser.java:1523)
	at org.h2.command.Parser.parseSelect(Parser.java:1511)
	at org.h2.command.Parser.parsePrepared(Parser.java:405)
	at org.h2.command.Parser.parse(Parser.java:279)
	at org.h2.command.Parser.parse(Parser.java:251)
	at org.h2.command.Parser.prepareCommand(Parser.java:217)
	at org.h2.engine.Session.prepareLocal(Session.java:415)
	at org.h2.engine.Session.prepareCommand(Session.java:364)
	at org.h2.jdbc.JdbcConnection.prepareCommand(JdbcConnection.java:1121)
	at org.h2.jdbc.JdbcPreparedStatement.&lt;init&gt;(JdbcPreparedStatement.java:71)
	at org.h2.jdbc.JdbcConnection.prepareStatement(JdbcConnection.java:267)
	at org.apache.commons.dbcp.DelegatingConnection.prepareStatement(DelegatingConnection.java:281)
	at org.apache.commons.dbcp.PoolingDataSource$PoolGuardConnectionWrapper.prepareStatement(PoolingDataSource.java:313)
</error>

          <error message="could not execute query; SQL [select this_.id as id0_0_, this_.version as version0_0_, this_.birthDate as birthDate0_0_, this_.email as email0_0_, this_.firstName as firstName0_0_, this_.gender as gender0_0_, this_.lastName as lastName0_0_, this_.login as login0_0_, this_.password as password0_0_ from User this_ where this_.login=?]; nested exception is org.hibernate.exception.SQLGrammarException: could not execute query" type="org.springframework.dao.InvalidDataAccessResourceUsageException">org.springframework.dao.InvalidDataAccessResourceUsageException: could not execute query; SQL [select this_.id as id0_0_, this_.version as version0_0_, this_.birthDate as birthDate0_0_, this_.email as email0_0_, this_.firstName as firstName0_0_, this_.gender as gender0_0_, this_.lastName as lastName0_0_, this_.login as login0_0_, this_.password as password0_0_ from User this_ where this_.login=?]; nested exception is org.hibernate.exception.SQLGrammarException: could not execute query
	at comtrek.UserService.createUser(UserService.groovy:19)
	at comtrek.UserServiceSpec.user create(UserServiceSpec.groovy:19)
Caused by: org.hibernate.exception.SQLGrammarException: could not execute query
Caused by: org.h2.jdbc.JdbcSQLException: Table &quot;USER&quot; not found; SQL statement:
select this_.id as id0_0_, this_.version as version0_0_, this_.birthDate as birthDate0_0_, this_.email as email0_0_, this_.firstName as firstName0_0_, this_.gender as gender0_0_, this_.lastName as lastName0_0_, this_.login as login0_0_, this_.password as password0_0_ from User this_ where this_.login=? [42102-164]
	at org.h2.message.DbException.getJdbcSQLException(DbException.java:329)
	at org.h2.message.DbException.get(DbException.java:169)
	at org.h2.message.DbException.get(DbException.java:146)
	at org.h2.command.Parser.readTableOrView(Parser.java:4753)
	at org.h2.command.Parser.readTableFilter(Parser.java:1080)
	at org.h2.command.Parser.parseSelectSimpleFromPart(Parser.java:1686)
	at org.h2.command.Parser.parseSelectSimple(Parser.java:1793)
	at org.h2.command.Parser.parseSelectSub(Parser.java:1680)
	at org.h2.command.Parser.parseSelectUnion(Parser.java:1523)
	at org.h2.command.Parser.parseSelect(Parser.java:1511)
	at org.h2.command.Parser.parsePrepared(Parser.java:405)
	at org.h2.command.Parser.parse(Parser.java:279)
	at org.h2.command.Parser.parse(Parser.java:251)
	at org.h2.command.Parser.prepareCommand(Parser.java:217)
	at org.h2.engine.Session.prepareLocal(Session.java:415)
	at org.h2.engine.Session.prepareCommand(Session.java:364)
	at org.h2.jdbc.JdbcConnection.prepareCommand(JdbcConnection.java:1121)
	at org.h2.jdbc.JdbcPreparedStatement.&lt;init&gt;(JdbcPreparedStatement.java:71)
	at org.h2.jdbc.JdbcConnection.prepareStatement(JdbcConnection.java:267)
	at org.apache.commons.dbcp.DelegatingConnection.prepareStatement(DelegatingConnection.java:281)
	at org.apache.commons.dbcp.PoolingDataSource$PoolGuardConnectionWrapper.prepareStatement(PoolingDataSource.java:313)
</error>

          <error message="could not execute query; SQL [select this_.id as id0_0_, this_.version as version0_0_, this_.birthDate as birthDate0_0_, this_.email as email0_0_, this_.firstName as firstName0_0_, this_.gender as gender0_0_, this_.lastName as lastName0_0_, this_.login as login0_0_, this_.password as password0_0_ from User this_ where this_.login=?]; nested exception is org.hibernate.exception.SQLGrammarException: could not execute query" type="org.springframework.dao.InvalidDataAccessResourceUsageException">org.springframework.dao.InvalidDataAccessResourceUsageException: could not execute query; SQL [select this_.id as id0_0_, this_.version as version0_0_, this_.birthDate as birthDate0_0_, this_.email as email0_0_, this_.firstName as firstName0_0_, this_.gender as gender0_0_, this_.lastName as lastName0_0_, this_.login as login0_0_, this_.password as password0_0_ from User this_ where this_.login=?]; nested exception is org.hibernate.exception.SQLGrammarException: could not execute query
	at comtrek.UserService.createUser(UserService.groovy:19)
	at comtrek.UserServiceSpec.user create(UserServiceSpec.groovy:19)
Caused by: org.hibernate.exception.SQLGrammarException: could not execute query
Caused by: org.h2.jdbc.JdbcSQLException: Table &quot;USER&quot; not found; SQL statement:
select this_.id as id0_0_, this_.version as version0_0_, this_.birthDate as birthDate0_0_, this_.email as email0_0_, this_.firstName as firstName0_0_, this_.gender as gender0_0_, this_.lastName as lastName0_0_, this_.login as login0_0_, this_.password as password0_0_ from User this_ where this_.login=? [42102-164]
	at org.h2.message.DbException.getJdbcSQLException(DbException.java:329)
	at org.h2.message.DbException.get(DbException.java:169)
	at org.h2.message.DbException.get(DbException.java:146)
	at org.h2.command.Parser.readTableOrView(Parser.java:4753)
	at org.h2.command.Parser.readTableFilter(Parser.java:1080)
	at org.h2.command.Parser.parseSelectSimpleFromPart(Parser.java:1686)
	at org.h2.command.Parser.parseSelectSimple(Parser.java:1793)
	at org.h2.command.Parser.parseSelectSub(Parser.java:1680)
	at org.h2.command.Parser.parseSelectUnion(Parser.java:1523)
	at org.h2.command.Parser.parseSelect(Parser.java:1511)
	at org.h2.command.Parser.parsePrepared(Parser.java:405)
	at org.h2.command.Parser.parse(Parser.java:279)
	at org.h2.command.Parser.parse(Parser.java:251)
	at org.h2.command.Parser.prepareCommand(Parser.java:217)
	at org.h2.engine.Session.prepareLocal(Session.java:415)
	at org.h2.engine.Session.prepareCommand(Session.java:364)
	at org.h2.jdbc.JdbcConnection.prepareCommand(JdbcConnection.java:1121)
	at org.h2.jdbc.JdbcPreparedStatement.&lt;init&gt;(JdbcPreparedStatement.java:71)
	at org.h2.jdbc.JdbcConnection.prepareStatement(JdbcConnection.java:267)
	at org.apache.commons.dbcp.DelegatingConnection.prepareStatement(DelegatingConnection.java:281)
	at org.apache.commons.dbcp.PoolingDataSource$PoolGuardConnectionWrapper.prepareStatement(PoolingDataSource.java:313)
</error>

          <error message="could not execute query; SQL [select this_.id as id0_0_, this_.version as version0_0_, this_.birthDate as birthDate0_0_, this_.email as email0_0_, this_.firstName as firstName0_0_, this_.gender as gender0_0_, this_.lastName as lastName0_0_, this_.login as login0_0_, this_.password as password0_0_ from User this_ where this_.login=?]; nested exception is org.hibernate.exception.SQLGrammarException: could not execute query" type="org.springframework.dao.InvalidDataAccessResourceUsageException">org.springframework.dao.InvalidDataAccessResourceUsageException: could not execute query; SQL [select this_.id as id0_0_, this_.version as version0_0_, this_.birthDate as birthDate0_0_, this_.email as email0_0_, this_.firstName as firstName0_0_, this_.gender as gender0_0_, this_.lastName as lastName0_0_, this_.login as login0_0_, this_.password as password0_0_ from User this_ where this_.login=?]; nested exception is org.hibernate.exception.SQLGrammarException: could not execute query
	at comtrek.UserService.createUser(UserService.groovy:19)
	at comtrek.UserServiceSpec.user create(UserServiceSpec.groovy:19)
Caused by: org.hibernate.exception.SQLGrammarException: could not execute query
Caused by: org.h2.jdbc.JdbcSQLException: Table &quot;USER&quot; not found; SQL statement:
select this_.id as id0_0_, this_.version as version0_0_, this_.birthDate as birthDate0_0_, this_.email as email0_0_, this_.firstName as firstName0_0_, this_.gender as gender0_0_, this_.lastName as lastName0_0_, this_.login as login0_0_, this_.password as password0_0_ from User this_ where this_.login=? [42102-164]
	at org.h2.message.DbException.getJdbcSQLException(DbException.java:329)
	at org.h2.message.DbException.get(DbException.java:169)
	at org.h2.message.DbException.get(DbException.java:146)
	at org.h2.command.Parser.readTableOrView(Parser.java:4753)
	at org.h2.command.Parser.readTableFilter(Parser.java:1080)
	at org.h2.command.Parser.parseSelectSimpleFromPart(Parser.java:1686)
	at org.h2.command.Parser.parseSelectSimple(Parser.java:1793)
	at org.h2.command.Parser.parseSelectSub(Parser.java:1680)
	at org.h2.command.Parser.parseSelectUnion(Parser.java:1523)
	at org.h2.command.Parser.parseSelect(Parser.java:1511)
	at org.h2.command.Parser.parsePrepared(Parser.java:405)
	at org.h2.command.Parser.parse(Parser.java:279)
	at org.h2.command.Parser.parse(Parser.java:251)
	at org.h2.command.Parser.prepareCommand(Parser.java:217)
	at org.h2.engine.Session.prepareLocal(Session.java:415)
	at org.h2.engine.Session.prepareCommand(Session.java:364)
	at org.h2.jdbc.JdbcConnection.prepareCommand(JdbcConnection.java:1121)
	at org.h2.jdbc.JdbcPreparedStatement.&lt;init&gt;(JdbcPreparedStatement.java:71)
	at org.h2.jdbc.JdbcConnection.prepareStatement(JdbcConnection.java:267)
	at org.apache.commons.dbcp.DelegatingConnection.prepareStatement(DelegatingConnection.java:281)
	at org.apache.commons.dbcp.PoolingDataSource$PoolGuardConnectionWrapper.prepareStatement(PoolingDataSource.java:313)
</error>

          <error message="could not execute query; SQL [select this_.id as id0_0_, this_.version as version0_0_, this_.birthDate as birthDate0_0_, this_.email as email0_0_, this_.firstName as firstName0_0_, this_.gender as gender0_0_, this_.lastName as lastName0_0_, this_.login as login0_0_, this_.password as password0_0_ from User this_ where this_.login=?]; nested exception is org.hibernate.exception.SQLGrammarException: could not execute query" type="org.springframework.dao.InvalidDataAccessResourceUsageException">org.springframework.dao.InvalidDataAccessResourceUsageException: could not execute query; SQL [select this_.id as id0_0_, this_.version as version0_0_, this_.birthDate as birthDate0_0_, this_.email as email0_0_, this_.firstName as firstName0_0_, this_.gender as gender0_0_, this_.lastName as lastName0_0_, this_.login as login0_0_, this_.password as password0_0_ from User this_ where this_.login=?]; nested exception is org.hibernate.exception.SQLGrammarException: could not execute query
	at comtrek.UserService.createUser(UserService.groovy:19)
	at comtrek.UserServiceSpec.user create(UserServiceSpec.groovy:19)
Caused by: org.hibernate.exception.SQLGrammarException: could not execute query
Caused by: org.h2.jdbc.JdbcSQLException: Table &quot;USER&quot; not found; SQL statement:
select this_.id as id0_0_, this_.version as version0_0_, this_.birthDate as birthDate0_0_, this_.email as email0_0_, this_.firstName as firstName0_0_, this_.gender as gender0_0_, this_.lastName as lastName0_0_, this_.login as login0_0_, this_.password as password0_0_ from User this_ where this_.login=? [42102-164]
	at org.h2.message.DbException.getJdbcSQLException(DbException.java:329)
	at org.h2.message.DbException.get(DbException.java:169)
	at org.h2.message.DbException.get(DbException.java:146)
	at org.h2.command.Parser.readTableOrView(Parser.java:4753)
	at org.h2.command.Parser.readTableFilter(Parser.java:1080)
	at org.h2.command.Parser.parseSelectSimpleFromPart(Parser.java:1686)
	at org.h2.command.Parser.parseSelectSimple(Parser.java:1793)
	at org.h2.command.Parser.parseSelectSub(Parser.java:1680)
	at org.h2.command.Parser.parseSelectUnion(Parser.java:1523)
	at org.h2.command.Parser.parseSelect(Parser.java:1511)
	at org.h2.command.Parser.parsePrepared(Parser.java:405)
	at org.h2.command.Parser.parse(Parser.java:279)
	at org.h2.command.Parser.parse(Parser.java:251)
	at org.h2.command.Parser.prepareCommand(Parser.java:217)
	at org.h2.engine.Session.prepareLocal(Session.java:415)
	at org.h2.engine.Session.prepareCommand(Session.java:364)
	at org.h2.jdbc.JdbcConnection.prepareCommand(JdbcConnection.java:1121)
	at org.h2.jdbc.JdbcPreparedStatement.&lt;init&gt;(JdbcPreparedStatement.java:71)
	at org.h2.jdbc.JdbcConnection.prepareStatement(JdbcConnection.java:267)
	at org.apache.commons.dbcp.DelegatingConnection.prepareStatement(DelegatingConnection.java:281)
	at org.apache.commons.dbcp.PoolingDataSource$PoolGuardConnectionWrapper.prepareStatement(PoolingDataSource.java:313)
</error>

          <error message="could not execute query; SQL [select this_.id as id0_0_, this_.version as version0_0_, this_.birthDate as birthDate0_0_, this_.email as email0_0_, this_.firstName as firstName0_0_, this_.gender as gender0_0_, this_.lastName as lastName0_0_, this_.login as login0_0_, this_.password as password0_0_ from User this_ where this_.login=?]; nested exception is org.hibernate.exception.SQLGrammarException: could not execute query" type="org.springframework.dao.InvalidDataAccessResourceUsageException">org.springframework.dao.InvalidDataAccessResourceUsageException: could not execute query; SQL [select this_.id as id0_0_, this_.version as version0_0_, this_.birthDate as birthDate0_0_, this_.email as email0_0_, this_.firstName as firstName0_0_, this_.gender as gender0_0_, this_.lastName as lastName0_0_, this_.login as login0_0_, this_.password as password0_0_ from User this_ where this_.login=?]; nested exception is org.hibernate.exception.SQLGrammarException: could not execute query
	at comtrek.UserService.createUser(UserService.groovy:19)
	at comtrek.UserServiceSpec.user create(UserServiceSpec.groovy:19)
Caused by: org.hibernate.exception.SQLGrammarException: could not execute query
Caused by: org.h2.jdbc.JdbcSQLException: Table &quot;USER&quot; not found; SQL statement:
select this_.id as id0_0_, this_.version as version0_0_, this_.birthDate as birthDate0_0_, this_.email as email0_0_, this_.firstName as firstName0_0_, this_.gender as gender0_0_, this_.lastName as lastName0_0_, this_.login as login0_0_, this_.password as password0_0_ from User this_ where this_.login=? [42102-164]
	at org.h2.message.DbException.getJdbcSQLException(DbException.java:329)
	at org.h2.message.DbException.get(DbException.java:169)
	at org.h2.message.DbException.get(DbException.java:146)
	at org.h2.command.Parser.readTableOrView(Parser.java:4753)
	at org.h2.command.Parser.readTableFilter(Parser.java:1080)
	at org.h2.command.Parser.parseSelectSimpleFromPart(Parser.java:1686)
	at org.h2.command.Parser.parseSelectSimple(Parser.java:1793)
	at org.h2.command.Parser.parseSelectSub(Parser.java:1680)
	at org.h2.command.Parser.parseSelectUnion(Parser.java:1523)
	at org.h2.command.Parser.parseSelect(Parser.java:1511)
	at org.h2.command.Parser.parsePrepared(Parser.java:405)
	at org.h2.command.Parser.parse(Parser.java:279)
	at org.h2.command.Parser.parse(Parser.java:251)
	at org.h2.command.Parser.prepareCommand(Parser.java:217)
	at org.h2.engine.Session.prepareLocal(Session.java:415)
	at org.h2.engine.Session.prepareCommand(Session.java:364)
	at org.h2.jdbc.JdbcConnection.prepareCommand(JdbcConnection.java:1121)
	at org.h2.jdbc.JdbcPreparedStatement.&lt;init&gt;(JdbcPreparedStatement.java:71)
	at org.h2.jdbc.JdbcConnection.prepareStatement(JdbcConnection.java:267)
	at org.apache.commons.dbcp.DelegatingConnection.prepareStatement(DelegatingConnection.java:281)
	at org.apache.commons.dbcp.PoolingDataSource$PoolGuardConnectionWrapper.prepareStatement(PoolingDataSource.java:313)
</error>

          <error message="could not execute query; SQL [select this_.id as id0_0_, this_.version as version0_0_, this_.birthDate as birthDate0_0_, this_.email as email0_0_, this_.firstName as firstName0_0_, this_.gender as gender0_0_, this_.lastName as lastName0_0_, this_.login as login0_0_, this_.password as password0_0_ from User this_ where this_.login=?]; nested exception is org.hibernate.exception.SQLGrammarException: could not execute query" type="org.springframework.dao.InvalidDataAccessResourceUsageException">org.springframework.dao.InvalidDataAccessResourceUsageException: could not execute query; SQL [select this_.id as id0_0_, this_.version as version0_0_, this_.birthDate as birthDate0_0_, this_.email as email0_0_, this_.firstName as firstName0_0_, this_.gender as gender0_0_, this_.lastName as lastName0_0_, this_.login as login0_0_, this_.password as password0_0_ from User this_ where this_.login=?]; nested exception is org.hibernate.exception.SQLGrammarException: could not execute query
	at comtrek.UserService.createUser(UserService.groovy:19)
	at comtrek.UserServiceSpec.user create(UserServiceSpec.groovy:19)
Caused by: org.hibernate.exception.SQLGrammarException: could not execute query
Caused by: org.h2.jdbc.JdbcSQLException: Table &quot;USER&quot; not found; SQL statement:
select this_.id as id0_0_, this_.version as version0_0_, this_.birthDate as birthDate0_0_, this_.email as email0_0_, this_.firstName as firstName0_0_, this_.gender as gender0_0_, this_.lastName as lastName0_0_, this_.login as login0_0_, this_.password as password0_0_ from User this_ where this_.login=? [42102-164]
	at org.h2.message.DbException.getJdbcSQLException(DbException.java:329)
	at org.h2.message.DbException.get(DbException.java:169)
	at org.h2.message.DbException.get(DbException.java:146)
	at org.h2.command.Parser.readTableOrView(Parser.java:4753)
	at org.h2.command.Parser.readTableFilter(Parser.java:1080)
	at org.h2.command.Parser.parseSelectSimpleFromPart(Parser.java:1686)
	at org.h2.command.Parser.parseSelectSimple(Parser.java:1793)
	at org.h2.command.Parser.parseSelectSub(Parser.java:1680)
	at org.h2.command.Parser.parseSelectUnion(Parser.java:1523)
	at org.h2.command.Parser.parseSelect(Parser.java:1511)
	at org.h2.command.Parser.parsePrepared(Parser.java:405)
	at org.h2.command.Parser.parse(Parser.java:279)
	at org.h2.command.Parser.parse(Parser.java:251)
	at org.h2.command.Parser.prepareCommand(Parser.java:217)
	at org.h2.engine.Session.prepareLocal(Session.java:415)
	at org.h2.engine.Session.prepareCommand(Session.java:364)
	at org.h2.jdbc.JdbcConnection.prepareCommand(JdbcConnection.java:1121)
	at org.h2.jdbc.JdbcPreparedStatement.&lt;init&gt;(JdbcPreparedStatement.java:71)
	at org.h2.jdbc.JdbcConnection.prepareStatement(JdbcConnection.java:267)
	at org.apache.commons.dbcp.DelegatingConnection.prepareStatement(DelegatingConnection.java:281)
	at org.apache.commons.dbcp.PoolingDataSource$PoolGuardConnectionWrapper.prepareStatement(PoolingDataSource.java:313)
</error>

      </testcase>

      <system-out><![CDATA[--Output from user create--
]]></system-out>

      <system-err><![CDATA[--Output from user create--
2013-02-13 22:28:27,187 [main] ERROR util.JDBCExceptionReporter  - Table "USER" not found; SQL statement:
select this_.id as id0_0_, this_.version as version0_0_, this_.birthDate as birthDate0_0_, this_.email as email0_0_, this_.firstName as firstName0_0_, this_.gender as gender0_0_, this_.lastName as lastName0_0_, this_.login as login0_0_, this_.password as password0_0_ from User this_ where this_.login=? [42102-164]

2013-02-13 22:28:27,578 [main] ERROR util.JDBCExceptionReporter  - Table "USER" not found; SQL statement:
select this_.id as id0_0_, this_.version as version0_0_, this_.birthDate as birthDate0_0_, this_.email as email0_0_, this_.firstName as firstName0_0_, this_.gender as gender0_0_, this_.lastName as lastName0_0_, this_.login as login0_0_, this_.password as password0_0_ from User this_ where this_.login=? [42102-164]

2013-02-13 22:28:27,734 [main] ERROR util.JDBCExceptionReporter  - Table "USER" not found; SQL statement:
select this_.id as id0_0_, this_.version as version0_0_, this_.birthDate as birthDate0_0_, this_.email as email0_0_, this_.firstName as firstName0_0_, this_.gender as gender0_0_, this_.lastName as lastName0_0_, this_.login as login0_0_, this_.password as password0_0_ from User this_ where this_.login=? [42102-164]

2013-02-13 22:28:27,812 [main] ERROR util.JDBCExceptionReporter  - Table "USER" not found; SQL statement:
select this_.id as id0_0_, this_.version as version0_0_, this_.birthDate as birthDate0_0_, this_.email as email0_0_, this_.firstName as firstName0_0_, this_.gender as gender0_0_, this_.lastName as lastName0_0_, this_.login as login0_0_, this_.password as password0_0_ from User this_ where this_.login=? [42102-164]

2013-02-13 22:28:28,078 [main] ERROR util.JDBCExceptionReporter  - Table "USER" not found; SQL statement:
select this_.id as id0_0_, this_.version as version0_0_, this_.birthDate as birthDate0_0_, this_.email as email0_0_, this_.firstName as firstName0_0_, this_.gender as gender0_0_, this_.lastName as lastName0_0_, this_.login as login0_0_, this_.password as password0_0_ from User this_ where this_.login=? [42102-164]

2013-02-13 22:28:28,187 [main] ERROR util.JDBCExceptionReporter  - Table "USER" not found; SQL statement:
select this_.id as id0_0_, this_.version as version0_0_, this_.birthDate as birthDate0_0_, this_.email as email0_0_, this_.firstName as firstName0_0_, this_.gender as gender0_0_, this_.lastName as lastName0_0_, this_.login as login0_0_, this_.password as password0_0_ from User this_ where this_.login=? [42102-164]

2013-02-13 22:28:28,281 [main] ERROR util.JDBCExceptionReporter  - Table "USER" not found; SQL statement:
select this_.id as id0_0_, this_.version as version0_0_, this_.birthDate as birthDate0_0_, this_.email as email0_0_, this_.firstName as firstName0_0_, this_.gender as gender0_0_, this_.lastName as lastName0_0_, this_.login as login0_0_, this_.password as password0_0_ from User this_ where this_.login=? [42102-164]

]]></system-err>

  </testsuite>
  <testsuite errors="0" failures="0" hostname="winterfe-877b7f" id="1" name="CommentControllerUnitSpec" package="comtrek" tests="8" time="8.547" timestamp="2013-02-13T21:27:25">
      <properties />

      <testcase classname="comtrek.CommentControllerUnitSpec" name="test commentController index" time="4.156" />

      <testcase classname="comtrek.CommentControllerUnitSpec" name="test commentController List" time="1.922" />

      <testcase classname="comtrek.CommentControllerUnitSpec" name="test commentController Create  #Error:expectedInstance" time="0.265" />

      <testcase classname="comtrek.CommentControllerUnitSpec" name="test commentController Save" time="0.907" />

      <testcase classname="comtrek.CommentControllerUnitSpec" name="test commentController Show" time="0.187" />

      <testcase classname="comtrek.CommentControllerUnitSpec" name="test commentController Edit" time="0.172" />

      <testcase classname="comtrek.CommentControllerUnitSpec" name="test commentController Update" time="0.422" />

      <testcase classname="comtrek.CommentControllerUnitSpec" name="test commentController Delete" time="0.203" />

      <system-out><![CDATA[--Output from test commentController index--
url expected : /comment/list , obtained  : /comment/list--Output from test commentController List--
--Output from test commentController Create  #Error:expectedInstance--
--Output from test commentController Save--
--Output from test commentController Show--
--Output from test commentController Edit--
--Output from test commentController Update--
--Output from test commentController Delete--
]]></system-out>

      <system-err><![CDATA[--Output from test commentController index--
--Output from test commentController List--
--Output from test commentController Create  #Error:expectedInstance--
--Output from test commentController Save--
--Output from test commentController Show--
--Output from test commentController Edit--
--Output from test commentController Update--
--Output from test commentController Delete--
]]></system-err>

  </testsuite>
  <testsuite errors="0" failures="0" hostname="winterfe-877b7f" id="2" name="CommentSpec" package="comtrek" tests="3" time="1.875" timestamp="2013-02-13T21:27:33">
      <properties />

      <testcase classname="comtrek.CommentSpec" name="test Comment all constraints comment is size using 2" time="0.765" />

      <testcase classname="comtrek.CommentSpec" name="test Comment all constraints comment is size using 31" time="0.047" />

      <testcase classname="comtrek.CommentSpec" name="test Comment all constraints writing_date is nullable using null" time="0.047" />

      <system-out><![CDATA[--Output from test Comment all constraints comment is size using 2--
--Output from test Comment all constraints comment is size using 31--
--Output from test Comment all constraints writing_date is nullable using null--
]]></system-out>

      <system-err><![CDATA[--Output from test Comment all constraints comment is size using 2--
--Output from test Comment all constraints comment is size using 31--
--Output from test Comment all constraints writing_date is nullable using null--
]]></system-err>

  </testsuite>
  <testsuite errors="0" failures="0" hostname="winterfe-877b7f" id="3" name="EventControllerUnitSpec" package="comtrek" tests="8" time="2.531" timestamp="2013-02-13T21:27:35">
      <properties />

      <testcase classname="comtrek.EventControllerUnitSpec" name="test eventController index" time="0.641" />

      <testcase classname="comtrek.EventControllerUnitSpec" name="test eventController List" time="0.157" />

      <testcase classname="comtrek.EventControllerUnitSpec" name="test eventController Create  #Error:expectedInstance" time="0.156" />

      <testcase classname="comtrek.EventControllerUnitSpec" name="test eventController Save" time="0.266" />

      <testcase classname="comtrek.EventControllerUnitSpec" name="test eventController Show" time="0.218" />

      <testcase classname="comtrek.EventControllerUnitSpec" name="test eventController Edit" time="0.157" />

      <testcase classname="comtrek.EventControllerUnitSpec" name="test eventController Update" time="0.218" />

      <testcase classname="comtrek.EventControllerUnitSpec" name="test eventController Delete" time="0.25" />

      <system-out><![CDATA[--Output from test eventController index--
url expected : /event/list , obtained  : /event/list--Output from test eventController List--
--Output from test eventController Create  #Error:expectedInstance--
--Output from test eventController Save--
--Output from test eventController Show--
--Output from test eventController Edit--
--Output from test eventController Update--
--Output from test eventController Delete--
]]></system-out>

      <system-err><![CDATA[--Output from test eventController index--
--Output from test eventController List--
--Output from test eventController Create  #Error:expectedInstance--
--Output from test eventController Save--
--Output from test eventController Show--
--Output from test eventController Edit--
--Output from test eventController Update--
--Output from test eventController Delete--
]]></system-err>

  </testsuite>
  <testsuite errors="0" failures="0" hostname="winterfe-877b7f" id="4" name="EventSpec" package="comtrek" tests="3" time="1.922" timestamp="2013-02-13T21:27:38">
      <properties />

      <testcase classname="comtrek.EventSpec" name="test Event all constraints averageNote is range using -1" time="0.5" />

      <testcase classname="comtrek.EventSpec" name="test Event all constraints averageNote is range using 11" time="0.109" />

      <testcase classname="comtrek.EventSpec" name="test Event all constraints effectiveTime is nullable using null" time="0.172" />

      <system-out><![CDATA[--Output from test Event all constraints averageNote is range using -1--
--Output from test Event all constraints averageNote is range using 11--
--Output from test Event all constraints effectiveTime is nullable using null--
]]></system-out>

      <system-err><![CDATA[--Output from test Event all constraints averageNote is range using -1--
--Output from test Event all constraints averageNote is range using 11--
--Output from test Event all constraints effectiveTime is nullable using null--
]]></system-err>

  </testsuite>
  <testsuite errors="0" failures="0" hostname="winterfe-877b7f" id="5" name="ParticipantControllerSpec" package="comtrek" tests="8" time="2.531" timestamp="2013-02-13T21:27:40">
      <properties />

      <testcase classname="comtrek.ParticipantControllerSpec" name="test participantController index" time="1.109" />

      <testcase classname="comtrek.ParticipantControllerSpec" name="test participantController List" time="0.157" />

      <testcase classname="comtrek.ParticipantControllerSpec" name="test participantController Create  #Error:expectedInstance" time="0.125" />

      <testcase classname="comtrek.ParticipantControllerSpec" name="test participantController Save" time="0.172" />

      <testcase classname="comtrek.ParticipantControllerSpec" name="test participantController Show" time="0.172" />

      <testcase classname="comtrek.ParticipantControllerSpec" name="test participantController Edit" time="0.141" />

      <testcase classname="comtrek.ParticipantControllerSpec" name="test participantController Update" time="0.172" />

      <testcase classname="comtrek.ParticipantControllerSpec" name="test participantController Delete" time="0.203" />

      <system-out><![CDATA[--Output from test participantController index--
url expected : /participant/list , obtained  : /participant/list--Output from test participantController List--
--Output from test participantController Create  #Error:expectedInstance--
--Output from test participantController Save--
--Output from test participantController Show--
--Output from test participantController Edit--
--Output from test participantController Update--
--Output from test participantController Delete--
]]></system-out>

      <system-err><![CDATA[--Output from test participantController index--
--Output from test participantController List--
--Output from test participantController Create  #Error:expectedInstance--
--Output from test participantController Save--
--Output from test participantController Show--
--Output from test participantController Edit--
--Output from test participantController Update--
--Output from test participantController Delete--
]]></system-err>

  </testsuite>
  <testsuite errors="0" failures="0" hostname="winterfe-877b7f" id="6" name="ParticipantSpec" package="comtrek" tests="5" time="2.641" timestamp="2013-02-13T21:27:43">
      <properties />

      <testcase classname="comtrek.ParticipantSpec" name="test Participant all constraints note is range using -1" time="0.375" />

      <testcase classname="comtrek.ParticipantSpec" name="test Participant all constraints note is range using 11" time="0.047" />

      <testcase classname="comtrek.ParticipantSpec" name="test Participant all constraints note is valid using 10" time="0.032" />

      <testcase classname="comtrek.ParticipantSpec" name="test Participant all constraints note is valid using 0" time="0.031" />

      <testcase classname="comtrek.ParticipantSpec" name="test Participant all constraints note is valid using 2" time="0.031" />

      <system-out><![CDATA[--Output from test Participant all constraints note is range using -1--
--Output from test Participant all constraints note is range using 11--
--Output from test Participant all constraints note is valid using 10--
--Output from test Participant all constraints note is valid using 0--
--Output from test Participant all constraints note is valid using 2--
]]></system-out>

      <system-err><![CDATA[--Output from test Participant all constraints note is range using -1--
--Output from test Participant all constraints note is range using 11--
--Output from test Participant all constraints note is valid using 10--
--Output from test Participant all constraints note is valid using 0--
--Output from test Participant all constraints note is valid using 2--
]]></system-err>

  </testsuite>
  <testsuite errors="0" failures="0" hostname="winterfe-877b7f" id="7" name="TrekControllerSpec" package="comtrek" tests="8" time="2.125" timestamp="2013-02-13T21:27:45">
      <properties />

      <testcase classname="comtrek.TrekControllerSpec" name="test trekController index" time="0.625" />

      <testcase classname="comtrek.TrekControllerSpec" name="test trekController List" time="0.141" />

      <testcase classname="comtrek.TrekControllerSpec" name="test trekController Create  #Error:expectedInstance" time="0.125" />

      <testcase classname="comtrek.TrekControllerSpec" name="test trekController Save" time="0.25" />

      <testcase classname="comtrek.TrekControllerSpec" name="test trekController Show" time="0.219" />

      <testcase classname="comtrek.TrekControllerSpec" name="test trekController Edit" time="0.125" />

      <testcase classname="comtrek.TrekControllerSpec" name="test trekController Update" time="0.203" />

      <testcase classname="comtrek.TrekControllerSpec" name="test trekController Delete" time="0.172" />

      <system-out><![CDATA[--Output from test trekController index--
url expected : /trek/list , obtained  : /trek/list--Output from test trekController List--
--Output from test trekController Create  #Error:expectedInstance--
--Output from test trekController Save--
--Output from test trekController Show--
--Output from test trekController Edit--
--Output from test trekController Update--
--Output from test trekController Delete--
]]></system-out>

      <system-err><![CDATA[--Output from test trekController index--
--Output from test trekController List--
--Output from test trekController Create  #Error:expectedInstance--
--Output from test trekController Save--
--Output from test trekController Show--
--Output from test trekController Edit--
--Output from test trekController Update--
--Output from test trekController Delete--
]]></system-err>

  </testsuite>
  <testsuite errors="0" failures="0" hostname="winterfe-877b7f" id="8" name="TrekSpec" package="comtrek" tests="5" time="1.578" timestamp="2013-02-13T21:27:48">
      <properties />

      <testcase classname="comtrek.TrekSpec" name="test trek all constraints name is size using aaaaaaaaaaaaaaaaaaaaa" time="0.406" />

      <testcase classname="comtrek.TrekSpec" name="test trek all constraints name is nullable using null" time="0.031" />

      <testcase classname="comtrek.TrekSpec" name="test trek all constraints name is size using aa" time="0.047" />

      <testcase classname="comtrek.TrekSpec" name="test trek all constraints level is nullable using null" time="0.047" />

      <testcase classname="comtrek.TrekSpec" name="test trek all constraints level is nullable using null" time="0.156" />

      <system-out><![CDATA[--Output from test trek all constraints name is size using aaaaaaaaaaaaaaaaaaaaa--
--Output from test trek all constraints name is nullable using null--
--Output from test trek all constraints name is size using aa--
--Output from test trek all constraints level is nullable using null--
--Output from test trek all constraints level is nullable using null--
]]></system-out>

      <system-err><![CDATA[--Output from test trek all constraints name is size using aaaaaaaaaaaaaaaaaaaaa--
--Output from test trek all constraints name is nullable using null--
--Output from test trek all constraints name is size using aa--
--Output from test trek all constraints level is nullable using null--
--Output from test trek all constraints level is nullable using null--
]]></system-err>

  </testsuite>
  <testsuite errors="0" failures="0" hostname="winterfe-877b7f" id="9" name="UserControllerUnitSpec" package="comtrek" tests="8" time="2.453" timestamp="2013-02-13T21:27:49">
      <properties />

      <testcase classname="comtrek.UserControllerUnitSpec" name="test userController index" time="0.672" />

      <testcase classname="comtrek.UserControllerUnitSpec" name="test userController List" time="0.141" />

      <testcase classname="comtrek.UserControllerUnitSpec" name="test userController Create  #Error:expectedInstance" time="0.141" />

      <testcase classname="comtrek.UserControllerUnitSpec" name="test userController Save" time="0.422" />

      <testcase classname="comtrek.UserControllerUnitSpec" name="test userController Show" time="0.172" />

      <testcase classname="comtrek.UserControllerUnitSpec" name="test userController Edit" time="0.172" />

      <testcase classname="comtrek.UserControllerUnitSpec" name="test userController Update" time="0.265" />

      <testcase classname="comtrek.UserControllerUnitSpec" name="test userController Delete" time="0.157" />

      <system-out><![CDATA[--Output from test userController index--
url expected : /user/list , obtained  : /user/list--Output from test userController List--
--Output from test userController Create  #Error:expectedInstance--
--Output from test userController Save--
--Output from test userController Show--
--Output from test userController Edit--
--Output from test userController Update--
--Output from test userController Delete--
]]></system-out>

      <system-err><![CDATA[--Output from test userController index--
--Output from test userController List--
--Output from test userController Create  #Error:expectedInstance--
--Output from test userController Save--
--Output from test userController Show--
--Output from test userController Edit--
--Output from test userController Update--
--Output from test userController Delete--
]]></system-err>

  </testsuite>
  <testsuite errors="0" failures="0" hostname="winterfe-877b7f" id="10" name="UserSpec" package="comtrek" tests="19" time="1.359" timestamp="2013-02-13T21:27:52">
      <properties />

      <testcase classname="comtrek.UserSpec" name="test user all constraints firstName is size using aaaaaaaaaaaaaaaaaaaaaaaaaaaaaaa" time="0.5" />

      <testcase classname="comtrek.UserSpec" name="test user all constraints firstName is nullable using null" time="0.047" />

      <testcase classname="comtrek.UserSpec" name="test user all constraints lastName is size using aaaaaaaaaaaaaaaaaaaaaaaaaaaaaaa" time="0.047" />

      <testcase classname="comtrek.UserSpec" name="test user all constraints lastName is nullable using null" time="0.047" />

      <testcase classname="comtrek.UserSpec" name="test user all constraints email is email using testFaux@Faux" time="0.047" />

      <testcase classname="comtrek.UserSpec" name="test user all constraints gender is inList using Unknown" time="0.031" />

      <testcase classname="comtrek.UserSpec" name="test user all constraints birthDate is max using Thu Feb 14 22:27:52 CET 2013" time="0.047" />

      <testcase classname="comtrek.UserSpec" name="test user all constraints password is nullable using null" time="0.063" />

      <testcase classname="comtrek.UserSpec" name="test user all constraints login is nullable using null" time="0.047" />

      <testcase classname="comtrek.UserSpec" name="User birthDate is nullable using null" time="0.047" />

      <testcase classname="comtrek.UserSpec" name="User birthDate is valid using Tue Feb 12 22:27:53 CET 2013" time="0.031" />

      <testcase classname="comtrek.UserSpec" name="user gender is inList using Unknown" time="0.047" />

      <testcase classname="comtrek.UserSpec" name="user gender is nullable using null" time="0.047" />

      <testcase classname="comtrek.UserSpec" name="user gender is valid using " time="0.046" />

      <testcase classname="comtrek.UserSpec" name="user gender is valid using Male" time="0.032" />

      <testcase classname="comtrek.UserSpec" name="user gender is valid using Female" time="0.047" />

      <testcase classname="comtrek.UserSpec" name="user login is nullable using null" time="0.078" />

      <testcase classname="comtrek.UserSpec" name="user login is valid using bobafet" time="0.047" />

      <testcase classname="comtrek.UserSpec" name="user login is valid using bobajunior" time="0.046" />

      <system-out><![CDATA[--Output from test user all constraints firstName is size using aaaaaaaaaaaaaaaaaaaaaaaaaaaaaaa--
--Output from test user all constraints firstName is nullable using null--
--Output from test user all constraints lastName is size using aaaaaaaaaaaaaaaaaaaaaaaaaaaaaaa--
--Output from test user all constraints lastName is nullable using null--
--Output from test user all constraints email is email using testFaux@Faux--
--Output from test user all constraints gender is inList using Unknown--
--Output from test user all constraints birthDate is max using Thu Feb 14 22:27:52 CET 2013--
--Output from test user all constraints password is nullable using null--
--Output from test user all constraints login is nullable using null--
--Output from User birthDate is nullable using null--
--Output from User birthDate is valid using Tue Feb 12 22:27:53 CET 2013--
--Output from user gender is inList using Unknown--
--Output from user gender is nullable using null--
--Output from user gender is valid using --
--Output from user gender is valid using Male--
--Output from user gender is valid using Female--
--Output from user login is nullable using null--
--Output from user login is valid using bobafet--
--Output from user login is valid using bobajunior--
]]></system-out>

      <system-err><![CDATA[--Output from test user all constraints firstName is size using aaaaaaaaaaaaaaaaaaaaaaaaaaaaaaa--
--Output from test user all constraints firstName is nullable using null--
--Output from test user all constraints lastName is size using aaaaaaaaaaaaaaaaaaaaaaaaaaaaaaa--
--Output from test user all constraints lastName is nullable using null--
--Output from test user all constraints email is email using testFaux@Faux--
--Output from test user all constraints gender is inList using Unknown--
--Output from test user all constraints birthDate is max using Thu Feb 14 22:27:52 CET 2013--
--Output from test user all constraints password is nullable using null--
--Output from test user all constraints login is nullable using null--
--Output from User birthDate is nullable using null--
--Output from User birthDate is valid using Tue Feb 12 22:27:53 CET 2013--
--Output from user gender is inList using Unknown--
--Output from user gender is nullable using null--
--Output from user gender is valid using --
--Output from user gender is valid using Male--
--Output from user gender is valid using Female--
--Output from user login is nullable using null--
--Output from user login is valid using bobafet--
--Output from user login is valid using bobajunior--
]]></system-err>

  </testsuite>
</testsuites>
