<?xml version="1.0" encoding="UTF-8" ?>
<testsuite errors="0" failures="0" hostname="Stéven-TOSH" name="comtrek.ParticipantSpec" tests="5" time="1.039" timestamp="2013-02-13T22:50:35">
  <properties />
  <testcase classname="comtrek.ParticipantSpec" name="test Participant all constraints note is range using -1" time="0.271" />
  <testcase classname="comtrek.ParticipantSpec" name="test Participant all constraints note is range using 11" time="0.032" />
  <testcase classname="comtrek.ParticipantSpec" name="test Participant all constraints note is valid using 10" time="0.027" />
  <testcase classname="comtrek.ParticipantSpec" name="test Participant all constraints note is valid using 0" time="0.029" />
  <testcase classname="comtrek.ParticipantSpec" name="test Participant all constraints note is valid using 2" time="0.03" />
  <system-out><![CDATA[--Output from test Participant all constraints note is range using -1--
--Output from test Participant all constraints note is range using 11--
--Output from test Participant all constraints note is valid using 10--
--Output from test Participant all constraints note is valid using 0--
--Output from test Participant all constraints note is valid using 2--
]]></system-out>
  <system-err><![CDATA[--Output from test Participant all constraints note is range using -1--
--Output from test Participant all constraints note is range using 11--
--Output from test Participant all constraints note is valid using 10--
--Output from test Participant all constraints note is valid using 0--
--Output from test Participant all constraints note is valid using 2--
]]></system-err>
</testsuite>
