<?xml version="1.0" encoding="UTF-8" ?>
<testsuite errors="0" failures="0" hostname="Stéven-TOSH" name="comtrek.CommentControllerUnitSpec" tests="8" time="5.854" timestamp="2013-02-13T22:50:23">
  <properties />
  <testcase classname="comtrek.CommentControllerUnitSpec" name="test commentController index" time="3.03" />
  <testcase classname="comtrek.CommentControllerUnitSpec" name="test commentController List" time="1.125" />
  <testcase classname="comtrek.CommentControllerUnitSpec" name="test commentController Create  #Error:expectedInstance" time="0.193" />
  <testcase classname="comtrek.CommentControllerUnitSpec" name="test commentController Save" time="0.703" />
  <testcase classname="comtrek.CommentControllerUnitSpec" name="test commentController Show" time="0.154" />
  <testcase classname="comtrek.CommentControllerUnitSpec" name="test commentController Edit" time="0.117" />
  <testcase classname="comtrek.CommentControllerUnitSpec" name="test commentController Update" time="0.193" />
  <testcase classname="comtrek.CommentControllerUnitSpec" name="test commentController Delete" time="0.134" />
  <system-out><![CDATA[--Output from test commentController index--
url expected : /comment/list , obtained  : /comment/list--Output from test commentController List--
--Output from test commentController Create  #Error:expectedInstance--
--Output from test commentController Save--
--Output from test commentController Show--
--Output from test commentController Edit--
--Output from test commentController Update--
--Output from test commentController Delete--
]]></system-out>
  <system-err><![CDATA[--Output from test commentController index--
--Output from test commentController List--
--Output from test commentController Create  #Error:expectedInstance--
--Output from test commentController Save--
--Output from test commentController Show--
--Output from test commentController Edit--
--Output from test commentController Update--
--Output from test commentController Delete--
]]></system-err>
</testsuite>
