<?xml version="1.0" encoding="UTF-8" ?>
<testsuites>
  <testsuite errors="0" failures="0" hostname="Stéven-TOSH" id="0" name="UserServiceSpec" package="comtrek" tests="1" time="0.918" timestamp="2013-02-13T22:50:59">
      <properties />

      <testcase classname="comtrek.UserServiceSpec" name="user create" time="0.917" />

      <system-out><![CDATA[--Output from user create--
]]></system-out>

      <system-err><![CDATA[--Output from user create--
]]></system-err>

  </testsuite>
  <testsuite errors="0" failures="0" hostname="Stéven-TOSH" id="1" name="CommentControllerUnitSpec" package="comtrek" tests="8" time="5.854" timestamp="2013-02-13T22:50:23">
      <properties />

      <testcase classname="comtrek.CommentControllerUnitSpec" name="test commentController index" time="3.03" />

      <testcase classname="comtrek.CommentControllerUnitSpec" name="test commentController List" time="1.125" />

      <testcase classname="comtrek.CommentControllerUnitSpec" name="test commentController Create  #Error:expectedInstance" time="0.193" />

      <testcase classname="comtrek.CommentControllerUnitSpec" name="test commentController Save" time="0.703" />

      <testcase classname="comtrek.CommentControllerUnitSpec" name="test commentController Show" time="0.154" />

      <testcase classname="comtrek.CommentControllerUnitSpec" name="test commentController Edit" time="0.117" />

      <testcase classname="comtrek.CommentControllerUnitSpec" name="test commentController Update" time="0.193" />

      <testcase classname="comtrek.CommentControllerUnitSpec" name="test commentController Delete" time="0.134" />

      <system-out><![CDATA[--Output from test commentController index--
url expected : /comment/list , obtained  : /comment/list--Output from test commentController List--
--Output from test commentController Create  #Error:expectedInstance--
--Output from test commentController Save--
--Output from test commentController Show--
--Output from test commentController Edit--
--Output from test commentController Update--
--Output from test commentController Delete--
]]></system-out>

      <system-err><![CDATA[--Output from test commentController index--
--Output from test commentController List--
--Output from test commentController Create  #Error:expectedInstance--
--Output from test commentController Save--
--Output from test commentController Show--
--Output from test commentController Edit--
--Output from test commentController Update--
--Output from test commentController Delete--
]]></system-err>

  </testsuite>
  <testsuite errors="0" failures="0" hostname="Stéven-TOSH" id="2" name="CommentSpec" package="comtrek" tests="3" time="1.602" timestamp="2013-02-13T22:50:28">
      <properties />

      <testcase classname="comtrek.CommentSpec" name="test Comment all constraints comment is size using 2" time="0.711" />

      <testcase classname="comtrek.CommentSpec" name="test Comment all constraints comment is size using 31" time="0.042" />

      <testcase classname="comtrek.CommentSpec" name="test Comment all constraints writing_date is nullable using null" time="0.039" />

      <system-out><![CDATA[--Output from test Comment all constraints comment is size using 2--
--Output from test Comment all constraints comment is size using 31--
--Output from test Comment all constraints writing_date is nullable using null--
]]></system-out>

      <system-err><![CDATA[--Output from test Comment all constraints comment is size using 2--
--Output from test Comment all constraints comment is size using 31--
--Output from test Comment all constraints writing_date is nullable using null--
]]></system-err>

  </testsuite>
  <testsuite errors="0" failures="0" hostname="Stéven-TOSH" id="3" name="EventControllerUnitSpec" package="comtrek" tests="8" time="2.037" timestamp="2013-02-13T22:50:30">
      <properties />

      <testcase classname="comtrek.EventControllerUnitSpec" name="test eventController index" time="0.626" />

      <testcase classname="comtrek.EventControllerUnitSpec" name="test eventController List" time="0.163" />

      <testcase classname="comtrek.EventControllerUnitSpec" name="test eventController Create  #Error:expectedInstance" time="0.142" />

      <testcase classname="comtrek.EventControllerUnitSpec" name="test eventController Save" time="0.219" />

      <testcase classname="comtrek.EventControllerUnitSpec" name="test eventController Show" time="0.182" />

      <testcase classname="comtrek.EventControllerUnitSpec" name="test eventController Edit" time="0.126" />

      <testcase classname="comtrek.EventControllerUnitSpec" name="test eventController Update" time="0.164" />

      <testcase classname="comtrek.EventControllerUnitSpec" name="test eventController Delete" time="0.144" />

      <system-out><![CDATA[--Output from test eventController index--
url expected : /event/list , obtained  : /event/list--Output from test eventController List--
--Output from test eventController Create  #Error:expectedInstance--
--Output from test eventController Save--
--Output from test eventController Show--
--Output from test eventController Edit--
--Output from test eventController Update--
--Output from test eventController Delete--
]]></system-out>

      <system-err><![CDATA[--Output from test eventController index--
--Output from test eventController List--
--Output from test eventController Create  #Error:expectedInstance--
--Output from test eventController Save--
--Output from test eventController Show--
--Output from test eventController Edit--
--Output from test eventController Update--
--Output from test eventController Delete--
]]></system-err>

  </testsuite>
  <testsuite errors="0" failures="0" hostname="Stéven-TOSH" id="4" name="EventSpec" package="comtrek" tests="3" time="1.053" timestamp="2013-02-13T22:50:32">
      <properties />

      <testcase classname="comtrek.EventSpec" name="test Event all constraints averageNote is range using -1" time="0.304" />

      <testcase classname="comtrek.EventSpec" name="test Event all constraints averageNote is range using 11" time="0.043" />

      <testcase classname="comtrek.EventSpec" name="test Event all constraints effectiveTime is nullable using null" time="0.044" />

      <system-out><![CDATA[--Output from test Event all constraints averageNote is range using -1--
--Output from test Event all constraints averageNote is range using 11--
--Output from test Event all constraints effectiveTime is nullable using null--
]]></system-out>

      <system-err><![CDATA[--Output from test Event all constraints averageNote is range using -1--
--Output from test Event all constraints averageNote is range using 11--
--Output from test Event all constraints effectiveTime is nullable using null--
]]></system-err>

  </testsuite>
  <testsuite errors="0" failures="0" hostname="Stéven-TOSH" id="5" name="ParticipantControllerSpec" package="comtrek" tests="8" time="1.436" timestamp="2013-02-13T22:50:33">
      <properties />

      <testcase classname="comtrek.ParticipantControllerSpec" name="test participantController index" time="0.459" />

      <testcase classname="comtrek.ParticipantControllerSpec" name="test participantController List" time="0.125" />

      <testcase classname="comtrek.ParticipantControllerSpec" name="test participantController Create  #Error:expectedInstance" time="0.091" />

      <testcase classname="comtrek.ParticipantControllerSpec" name="test participantController Save" time="0.121" />

      <testcase classname="comtrek.ParticipantControllerSpec" name="test participantController Show" time="0.147" />

      <testcase classname="comtrek.ParticipantControllerSpec" name="test participantController Edit" time="0.099" />

      <testcase classname="comtrek.ParticipantControllerSpec" name="test participantController Update" time="0.092" />

      <testcase classname="comtrek.ParticipantControllerSpec" name="test participantController Delete" time="0.104" />

      <system-out><![CDATA[--Output from test participantController index--
url expected : /participant/list , obtained  : /participant/list--Output from test participantController List--
--Output from test participantController Create  #Error:expectedInstance--
--Output from test participantController Save--
--Output from test participantController Show--
--Output from test participantController Edit--
--Output from test participantController Update--
--Output from test participantController Delete--
]]></system-out>

      <system-err><![CDATA[--Output from test participantController index--
--Output from test participantController List--
--Output from test participantController Create  #Error:expectedInstance--
--Output from test participantController Save--
--Output from test participantController Show--
--Output from test participantController Edit--
--Output from test participantController Update--
--Output from test participantController Delete--
]]></system-err>

  </testsuite>
  <testsuite errors="0" failures="0" hostname="Stéven-TOSH" id="6" name="ParticipantSpec" package="comtrek" tests="5" time="1.039" timestamp="2013-02-13T22:50:35">
      <properties />

      <testcase classname="comtrek.ParticipantSpec" name="test Participant all constraints note is range using -1" time="0.271" />

      <testcase classname="comtrek.ParticipantSpec" name="test Participant all constraints note is range using 11" time="0.032" />

      <testcase classname="comtrek.ParticipantSpec" name="test Participant all constraints note is valid using 10" time="0.027" />

      <testcase classname="comtrek.ParticipantSpec" name="test Participant all constraints note is valid using 0" time="0.029" />

      <testcase classname="comtrek.ParticipantSpec" name="test Participant all constraints note is valid using 2" time="0.03" />

      <system-out><![CDATA[--Output from test Participant all constraints note is range using -1--
--Output from test Participant all constraints note is range using 11--
--Output from test Participant all constraints note is valid using 10--
--Output from test Participant all constraints note is valid using 0--
--Output from test Participant all constraints note is valid using 2--
]]></system-out>

      <system-err><![CDATA[--Output from test Participant all constraints note is range using -1--
--Output from test Participant all constraints note is range using 11--
--Output from test Participant all constraints note is valid using 10--
--Output from test Participant all constraints note is valid using 0--
--Output from test Participant all constraints note is valid using 2--
]]></system-err>

  </testsuite>
  <testsuite errors="0" failures="0" hostname="Stéven-TOSH" id="7" name="TrekControllerSpec" package="comtrek" tests="8" time="1.529" timestamp="2013-02-13T22:50:36">
      <properties />

      <testcase classname="comtrek.TrekControllerSpec" name="test trekController index" time="0.452" />

      <testcase classname="comtrek.TrekControllerSpec" name="test trekController List" time="0.093" />

      <testcase classname="comtrek.TrekControllerSpec" name="test trekController Create  #Error:expectedInstance" time="0.093" />

      <testcase classname="comtrek.TrekControllerSpec" name="test trekController Save" time="0.175" />

      <testcase classname="comtrek.TrekControllerSpec" name="test trekController Show" time="0.193" />

      <testcase classname="comtrek.TrekControllerSpec" name="test trekController Edit" time="0.099" />

      <testcase classname="comtrek.TrekControllerSpec" name="test trekController Update" time="0.152" />

      <testcase classname="comtrek.TrekControllerSpec" name="test trekController Delete" time="0.091" />

      <system-out><![CDATA[--Output from test trekController index--
url expected : /trek/list , obtained  : /trek/list--Output from test trekController List--
--Output from test trekController Create  #Error:expectedInstance--
--Output from test trekController Save--
--Output from test trekController Show--
--Output from test trekController Edit--
--Output from test trekController Update--
--Output from test trekController Delete--
]]></system-out>

      <system-err><![CDATA[--Output from test trekController index--
--Output from test trekController List--
--Output from test trekController Create  #Error:expectedInstance--
--Output from test trekController Save--
--Output from test trekController Show--
--Output from test trekController Edit--
--Output from test trekController Update--
--Output from test trekController Delete--
]]></system-err>

  </testsuite>
  <testsuite errors="0" failures="0" hostname="Stéven-TOSH" id="8" name="TrekSpec" package="comtrek" tests="5" time="1.193" timestamp="2013-02-13T22:50:37">
      <properties />

      <testcase classname="comtrek.TrekSpec" name="test trek all constraints name is size using aaaaaaaaaaaaaaaaaaaaa" time="0.271" />

      <testcase classname="comtrek.TrekSpec" name="test trek all constraints name is nullable using null" time="0.043" />

      <testcase classname="comtrek.TrekSpec" name="test trek all constraints name is size using aa" time="0.042" />

      <testcase classname="comtrek.TrekSpec" name="test trek all constraints level is nullable using null" time="0.038" />

      <testcase classname="comtrek.TrekSpec" name="test trek all constraints level is nullable using null" time="0.049" />

      <system-out><![CDATA[--Output from test trek all constraints name is size using aaaaaaaaaaaaaaaaaaaaa--
--Output from test trek all constraints name is nullable using null--
--Output from test trek all constraints name is size using aa--
--Output from test trek all constraints level is nullable using null--
--Output from test trek all constraints level is nullable using null--
]]></system-out>

      <system-err><![CDATA[--Output from test trek all constraints name is size using aaaaaaaaaaaaaaaaaaaaa--
--Output from test trek all constraints name is nullable using null--
--Output from test trek all constraints name is size using aa--
--Output from test trek all constraints level is nullable using null--
--Output from test trek all constraints level is nullable using null--
]]></system-err>

  </testsuite>
  <testsuite errors="0" failures="0" hostname="Stéven-TOSH" id="9" name="UserControllerUnitSpec" package="comtrek" tests="8" time="1.835" timestamp="2013-02-13T22:50:38">
      <properties />

      <testcase classname="comtrek.UserControllerUnitSpec" name="test userController index" time="0.513" />

      <testcase classname="comtrek.UserControllerUnitSpec" name="test userController List" time="0.134" />

      <testcase classname="comtrek.UserControllerUnitSpec" name="test userController Create  #Error:expectedInstance" time="0.142" />

      <testcase classname="comtrek.UserControllerUnitSpec" name="test userController Save" time="0.323" />

      <testcase classname="comtrek.UserControllerUnitSpec" name="test userController Show" time="0.138" />

      <testcase classname="comtrek.UserControllerUnitSpec" name="test userController Edit" time="0.135" />

      <testcase classname="comtrek.UserControllerUnitSpec" name="test userController Update" time="0.144" />

      <testcase classname="comtrek.UserControllerUnitSpec" name="test userController Delete" time="0.099" />

      <system-out><![CDATA[--Output from test userController index--
url expected : /user/list , obtained  : /user/list--Output from test userController List--
--Output from test userController Create  #Error:expectedInstance--
--Output from test userController Save--
--Output from test userController Show--
--Output from test userController Edit--
--Output from test userController Update--
--Output from test userController Delete--
]]></system-out>

      <system-err><![CDATA[--Output from test userController index--
--Output from test userController List--
--Output from test userController Create  #Error:expectedInstance--
--Output from test userController Save--
--Output from test userController Show--
--Output from test userController Edit--
--Output from test userController Update--
--Output from test userController Delete--
]]></system-err>

  </testsuite>
  <testsuite errors="0" failures="0" hostname="Stéven-TOSH" id="10" name="UserSpec" package="comtrek" tests="19" time="1.235" timestamp="2013-02-13T22:50:40">
      <properties />

      <testcase classname="comtrek.UserSpec" name="test user all constraints firstName is size using aaaaaaaaaaaaaaaaaaaaaaaaaaaaaaa" time="0.423" />

      <testcase classname="comtrek.UserSpec" name="test user all constraints firstName is nullable using null" time="0.036" />

      <testcase classname="comtrek.UserSpec" name="test user all constraints lastName is size using aaaaaaaaaaaaaaaaaaaaaaaaaaaaaaa" time="0.036" />

      <testcase classname="comtrek.UserSpec" name="test user all constraints lastName is nullable using null" time="0.032" />

      <testcase classname="comtrek.UserSpec" name="test user all constraints email is email using testFaux@Faux" time="0.035" />

      <testcase classname="comtrek.UserSpec" name="test user all constraints gender is inList using Unknown" time="0.109" />

      <testcase classname="comtrek.UserSpec" name="test user all constraints birthDate is max using Thu Feb 14 23:50:40 CET 2013" time="0.041" />

      <testcase classname="comtrek.UserSpec" name="test user all constraints password is nullable using null" time="0.073" />

      <testcase classname="comtrek.UserSpec" name="test user all constraints login is nullable using null" time="0.052" />

      <testcase classname="comtrek.UserSpec" name="User birthDate is nullable using null" time="0.049" />

      <testcase classname="comtrek.UserSpec" name="User birthDate is valid using Tue Feb 12 23:50:41 CET 2013" time="0.033" />

      <testcase classname="comtrek.UserSpec" name="user gender is inList using Unknown" time="0.041" />

      <testcase classname="comtrek.UserSpec" name="user gender is nullable using null" time="0.033" />

      <testcase classname="comtrek.UserSpec" name="user gender is valid using " time="0.034" />

      <testcase classname="comtrek.UserSpec" name="user gender is valid using Male" time="0.03" />

      <testcase classname="comtrek.UserSpec" name="user gender is valid using Female" time="0.04" />

      <testcase classname="comtrek.UserSpec" name="user login is nullable using null" time="0.039" />

      <testcase classname="comtrek.UserSpec" name="user login is valid using bobafet" time="0.034" />

      <testcase classname="comtrek.UserSpec" name="user login is valid using bobajunior" time="0.038" />

      <system-out><![CDATA[--Output from test user all constraints firstName is size using aaaaaaaaaaaaaaaaaaaaaaaaaaaaaaa--
--Output from test user all constraints firstName is nullable using null--
--Output from test user all constraints lastName is size using aaaaaaaaaaaaaaaaaaaaaaaaaaaaaaa--
--Output from test user all constraints lastName is nullable using null--
--Output from test user all constraints email is email using testFaux@Faux--
--Output from test user all constraints gender is inList using Unknown--
--Output from test user all constraints birthDate is max using Thu Feb 14 23:50:40 CET 2013--
--Output from test user all constraints password is nullable using null--
--Output from test user all constraints login is nullable using null--
--Output from User birthDate is nullable using null--
--Output from User birthDate is valid using Tue Feb 12 23:50:41 CET 2013--
--Output from user gender is inList using Unknown--
--Output from user gender is nullable using null--
--Output from user gender is valid using --
--Output from user gender is valid using Male--
--Output from user gender is valid using Female--
--Output from user login is nullable using null--
--Output from user login is valid using bobafet--
--Output from user login is valid using bobajunior--
]]></system-out>

      <system-err><![CDATA[--Output from test user all constraints firstName is size using aaaaaaaaaaaaaaaaaaaaaaaaaaaaaaa--
--Output from test user all constraints firstName is nullable using null--
--Output from test user all constraints lastName is size using aaaaaaaaaaaaaaaaaaaaaaaaaaaaaaa--
--Output from test user all constraints lastName is nullable using null--
--Output from test user all constraints email is email using testFaux@Faux--
--Output from test user all constraints gender is inList using Unknown--
--Output from test user all constraints birthDate is max using Thu Feb 14 23:50:40 CET 2013--
--Output from test user all constraints password is nullable using null--
--Output from test user all constraints login is nullable using null--
--Output from User birthDate is nullable using null--
--Output from User birthDate is valid using Tue Feb 12 23:50:41 CET 2013--
--Output from user gender is inList using Unknown--
--Output from user gender is nullable using null--
--Output from user gender is valid using --
--Output from user gender is valid using Male--
--Output from user gender is valid using Female--
--Output from user login is nullable using null--
--Output from user login is valid using bobafet--
--Output from user login is valid using bobajunior--
]]></system-err>

  </testsuite>
</testsuites>
